<?xml version="1.0" encoding="UTF-8"?>
<!-- Generated by org.testng.reporters.JUnitXMLReporter -->
<testsuite hostname="DESKTOP-7E8PKOH" failures="0" tests="4" name="Default test" time="55.565" errors="0" timestamp="2 Dec 2022 02:39:29 GMT">
  <testcase classname="normal_automation.Automation_class" name="TestCase6" time="16.154"/>
  <testcase classname="normal_automation.Automation_class" name="TestCase7" time="5.193"/>
  <testcase classname="normal_automation.Automation_class" name="TestCase8" time="5.602"/>
  <testcase classname="normal_automation.Automation_class" name="TestCase9" time="1.125"/>
</testsuite> <!-- Default test -->
