<?xml version="1.0" encoding="UTF-8"?>
<testng-results total="4" passed="4" failed="0" skipped="0">
  <reporter-output>
  </reporter-output>
  <suite started-at="2022-12-02T02:38:34Z" name="Default suite" finished-at="2022-12-02T02:39:29Z" duration-ms="55565">
    <groups>
    </groups>
    <test started-at="2022-12-02T02:38:34Z" name="Default test" finished-at="2022-12-02T02:39:29Z" duration-ms="55565">
      <class name="normal_automation.Automation_class">
        <test-method is-config="true" signature="newadministration()[pri:0, instance:normal_automation.Automation_class@3d9c13b5]" started-at="2022-12-02T08:08:34Z" name="newadministration" finished-at="2022-12-02T08:08:52Z" duration-ms="18091" status="PASS">
          <reporter-output>
          </reporter-output>
        </test-method> <!-- newadministration -->
        <test-method signature="TestCase6()[pri:0, instance:normal_automation.Automation_class@3d9c13b5]" started-at="2022-12-02T08:08:52Z" name="TestCase6" finished-at="2022-12-02T08:09:08Z" duration-ms="16154" status="PASS">
          <reporter-output>
          </reporter-output>
        </test-method> <!-- TestCase6 -->
        <test-method signature="TestCase7()[pri:0, instance:normal_automation.Automation_class@3d9c13b5]" started-at="2022-12-02T08:09:08Z" name="TestCase7" finished-at="2022-12-02T08:09:13Z" duration-ms="5193" status="PASS">
          <reporter-output>
          </reporter-output>
        </test-method> <!-- TestCase7 -->
        <test-method signature="TestCase8()[pri:0, instance:normal_automation.Automation_class@3d9c13b5]" started-at="2022-12-02T08:09:13Z" name="TestCase8" finished-at="2022-12-02T08:09:19Z" duration-ms="5602" status="PASS">
          <reporter-output>
          </reporter-output>
        </test-method> <!-- TestCase8 -->
        <test-method signature="TestCase9()[pri:0, instance:normal_automation.Automation_class@3d9c13b5]" started-at="2022-12-02T08:09:19Z" name="TestCase9" finished-at="2022-12-02T08:09:20Z" duration-ms="1125" status="PASS">
          <reporter-output>
          </reporter-output>
        </test-method> <!-- TestCase9 -->
        <test-method is-config="true" signature="atest()[pri:0, instance:normal_automation.Automation_class@3d9c13b5]" started-at="2022-12-02T08:09:20Z" name="atest" finished-at="2022-12-02T08:09:29Z" duration-ms="9262" status="PASS">
          <reporter-output>
          </reporter-output>
        </test-method> <!-- atest -->
      </class> <!-- normal_automation.Automation_class -->
    </test> <!-- Default test -->
  </suite> <!-- Default suite -->
</testng-results>
